<?xml version="1.0" encoding="UTF-8"?>
<!-- Generated by org.testng.reporters.JUnitReportReporter -->
<testsuite hostname="DESKTOP-RP7ECBF" failures="0" tests="1" name="PhaseEndProject.Assignment006Demo" time="4.761" errors="0" timestamp="2023-12-20T19:01:16 IST" skipped="0">
  <testcase classname="PhaseEndProject.Assignment006Demo" name="assignment006Logout" time="4.761"/>
  <system-out/>
</testsuite> <!-- PhaseEndProject.Assignment006Demo -->
