<?xml version="1.0" encoding="UTF-8"?>
<!-- Generated by org.testng.reporters.JUnitReportReporter -->
<testsuite hostname="DESKTOP-RP7ECBF" failures="0" tests="1" name="endProject.GetUser002" time="1.914" errors="0" timestamp="2023-12-18T19:28:34 IST" skipped="0">
  <testcase classname="endProject.GetUser002" name="getUsers" time="1.914"/>
  <system-out/>
</testsuite> <!-- endProject.GetUser002 -->
