<?xml version="1.0" encoding="UTF-8"?>
<!-- Generated by org.testng.reporters.JUnitReportReporter -->
<testsuite hostname="DESKTOP-RP7ECBF" failures="0" tests="1" name="PhaseEndProject.Assignment005Demo" time="3.077" errors="0" timestamp="2023-12-20T18:58:01 IST" skipped="0">
  <testcase classname="PhaseEndProject.Assignment005Demo" name="assignment005FindByStatus" time="3.077"/>
  <system-out/>
</testsuite> <!-- PhaseEndProject.Assignment005Demo -->
