<?xml version="1.0" encoding="UTF-8"?>
<!-- Generated by org.testng.reporters.JUnitReportReporter -->
<testsuite hostname="DESKTOP-RP7ECBF" failures="0" tests="1" name="PhaseEndProject.Assignment003Demo" time="3.755" errors="0" timestamp="2023-12-20T18:41:39 IST" skipped="0">
  <testcase classname="PhaseEndProject.Assignment003Demo" name="assignment003User" time="3.755"/>
  <system-out/>
</testsuite> <!-- PhaseEndProject.Assignment003Demo -->
