<?xml version="1.0" encoding="UTF-8"?>
<!-- Generated by org.testng.reporters.JUnitReportReporter -->
<testsuite hostname="DESKTOP-RP7ECBF" failures="0" tests="1" name="PhaseEndProject.Assignment004Demo" time="4.138" errors="0" timestamp="2023-12-20T18:55:16 IST" skipped="0">
  <testcase classname="PhaseEndProject.Assignment004Demo" name="assignment004login" time="4.138"/>
  <system-out/>
</testsuite> <!-- PhaseEndProject.Assignment004Demo -->
