<?xml version="1.0" encoding="UTF-8"?>
<!-- Generated by org.testng.reporters.JUnitReportReporter -->
<testsuite hostname="DESKTOP-RP7ECBF" failures="0" tests="3" name="PhaseEndProject.Assignment001Demo" time="5.125" errors="0" timestamp="2023-12-20T18:05:56 IST" skipped="0">
  <testcase classname="PhaseEndProject.Assignment001Demo" name="Assignment001Post" time="2.807"/>
  <system-out/>
  <testcase classname="PhaseEndProject.Assignment001Demo" name="assignment001Get" time="1.166"/>
  <system-out/>
  <testcase classname="PhaseEndProject.Assignment001Demo" name="assignment001Delete" time="1.152"/>
  <system-out/>
</testsuite> <!-- PhaseEndProject.Assignment001Demo -->
